ARM GAS  /tmp/ccCdku3P.s 			page 1


   1              		.cpu cortex-m3
   2              		.eabi_attribute 20, 1
   3              		.eabi_attribute 21, 1
   4              		.eabi_attribute 23, 3
   5              		.eabi_attribute 24, 1
   6              		.eabi_attribute 25, 1
   7              		.eabi_attribute 26, 1
   8              		.eabi_attribute 30, 1
   9              		.eabi_attribute 34, 1
  10              		.eabi_attribute 18, 4
  11              		.file	"lorawan.c"
  12              		.text
  13              	.Ltext0:
  14              		.cfi_sections	.debug_frame
  15              		.section	.text.encrypt_payload,"ax",%progbits
  16              		.align	1
  17              		.arch armv7-m
  18              		.syntax unified
  19              		.thumb
  20              		.thumb_func
  21              		.fpu softvfp
  23              	encrypt_payload:
  24              	.LVL0:
  25              	.LFB0:
  26              		.file 1 "Core/Src/lorawan.c"
   1:Core/Src/lorawan.c **** /**
   2:Core/Src/lorawan.c ****   * @file    lorawan.c
   3:Core/Src/lorawan.c ****   * @brief   LoRaWAN 1.0 ABP uplink. Ключи берутся из config.h.
   4:Core/Src/lorawan.c ****   */
   5:Core/Src/lorawan.c **** #include "lorawan.h"
   6:Core/Src/lorawan.c **** #include "aes.h"
   7:Core/Src/lorawan.c **** #include "config.h"
   8:Core/Src/lorawan.c **** #include <string.h>
   9:Core/Src/lorawan.c **** 
  10:Core/Src/lorawan.c **** static const uint8_t DEVADDR[4] = CFG_DEVADDR;
  11:Core/Src/lorawan.c **** static const uint8_t NWKSKEY[16] = CFG_NWKSKEY;
  12:Core/Src/lorawan.c **** static const uint8_t APPSKEY[16] = CFG_APPSKEY;
  13:Core/Src/lorawan.c **** 
  14:Core/Src/lorawan.c **** /* Шифрование FRMPayload по LoRaWAN (AES-CTR, uplink dir=0) */
  15:Core/Src/lorawan.c **** static void encrypt_payload(uint8_t *data, int len,
  16:Core/Src/lorawan.c ****                             const uint8_t devaddr_le[4], uint32_t fcnt)
  17:Core/Src/lorawan.c **** {
  27              		.loc 1 17 1 view -0
  28              		.cfi_startproc
  29              		@ args = 0, pretend = 0, frame = 208
  30              		@ frame_needed = 0, uses_anonymous_args = 0
  31              		.loc 1 17 1 is_stmt 0 view .LVU1
  32 0000 2DE9F043 		push	{r4, r5, r6, r7, r8, r9, lr}
  33              	.LCFI0:
  34              		.cfi_def_cfa_offset 28
  35              		.cfi_offset 4, -28
  36              		.cfi_offset 5, -24
  37              		.cfi_offset 6, -20
  38              		.cfi_offset 7, -16
  39              		.cfi_offset 8, -12
  40              		.cfi_offset 9, -8
  41              		.cfi_offset 14, -4
ARM GAS  /tmp/ccCdku3P.s 			page 2


  42 0004 B5B0     		sub	sp, sp, #212
  43              	.LCFI1:
  44              		.cfi_def_cfa_offset 240
  45 0006 0446     		mov	r4, r0
  46 0008 8846     		mov	r8, r1
  47 000a 1646     		mov	r6, r2
  48 000c 1F46     		mov	r7, r3
  18:Core/Src/lorawan.c ****     uint8_t rk[176];
  49              		.loc 1 18 5 is_stmt 1 view .LVU2
  19:Core/Src/lorawan.c ****     aes_key_expand(APPSKEY, rk);
  50              		.loc 1 19 5 view .LVU3
  51 000e 08A9     		add	r1, sp, #32
  52              	.LVL1:
  53              		.loc 1 19 5 is_stmt 0 view .LVU4
  54 0010 3048     		ldr	r0, .L12
  55              	.LVL2:
  56              		.loc 1 19 5 view .LVU5
  57 0012 FFF7FEFF 		bl	aes_key_expand
  58              	.LVL3:
  20:Core/Src/lorawan.c ****     int k = (len + 15) / 16;
  59              		.loc 1 20 5 is_stmt 1 view .LVU6
  60              		.loc 1 20 9 is_stmt 0 view .LVU7
  61 0016 18F10F09 		adds	r9, r8, #15
  62 001a 03D4     		bmi	.L10
  63              	.L2:
  64 001c 4FEA2919 		asr	r9, r9, #4
  65              	.LVL4:
  21:Core/Src/lorawan.c ****     for (int i = 1; i <= k; i++) {
  66              		.loc 1 21 5 is_stmt 1 view .LVU8
  67              	.LBB2:
  68              		.loc 1 21 10 view .LVU9
  69              		.loc 1 21 14 is_stmt 0 view .LVU10
  70 0020 0125     		movs	r5, #1
  71              		.loc 1 21 5 view .LVU11
  72 0022 13E0     		b	.L3
  73              	.LVL5:
  74              	.L10:
  75              		.loc 1 21 5 view .LVU12
  76              	.LBE2:
  20:Core/Src/lorawan.c ****     int k = (len + 15) / 16;
  77              		.loc 1 20 9 view .LVU13
  78 0024 09F10F09 		add	r9, r9, #15
  79 0028 F8E7     		b	.L2
  80              	.LVL6:
  81              	.L6:
  82              	.LBB7:
  83              	.LBB3:
  84              	.LBB4:
  22:Core/Src/lorawan.c ****         uint8_t A[16] = {
  23:Core/Src/lorawan.c ****             0x01, 0, 0, 0, 0, 0x00,          /* dir=0 uplink */
  24:Core/Src/lorawan.c ****             devaddr_le[0], devaddr_le[1], devaddr_le[2], devaddr_le[3],
  25:Core/Src/lorawan.c ****             (uint8_t)(fcnt & 0xFF), (uint8_t)((fcnt >> 8) & 0xFF),
  26:Core/Src/lorawan.c ****             (uint8_t)((fcnt >> 16) & 0xFF), (uint8_t)((fcnt >> 24) & 0xFF),
  27:Core/Src/lorawan.c ****             0x00, (uint8_t)i
  28:Core/Src/lorawan.c ****         };
  29:Core/Src/lorawan.c ****         uint8_t S[16];
  30:Core/Src/lorawan.c ****         memcpy(S, A, 16);
ARM GAS  /tmp/ccCdku3P.s 			page 3


  31:Core/Src/lorawan.c ****         aes_encrypt_block(rk, S);
  32:Core/Src/lorawan.c ****         int blockstart = (i - 1) * 16;
  33:Core/Src/lorawan.c ****         int n = len - blockstart; if (n > 16) n = 16;
  34:Core/Src/lorawan.c ****         for (int j = 0; j < n; j++) data[blockstart + j] ^= S[j];
  85              		.loc 1 34 37 is_stmt 1 discriminator 3 view .LVU14
  86              		.loc 1 34 58 is_stmt 0 discriminator 3 view .LVU15
  87 002a 0CEB0003 		add	r3, ip, r0
  88              		.loc 1 34 62 discriminator 3 view .LVU16
  89 002e 0CF1D002 		add	r2, ip, #208
  90 0032 6A44     		add	r2, sp, r2
  91 0034 12F8C0EC 		ldrb	lr, [r2, #-192]	@ zero_extendqisi2
  92              		.loc 1 34 58 discriminator 3 view .LVU17
  93 0038 E25C     		ldrb	r2, [r4, r3]	@ zero_extendqisi2
  94 003a 8EEA020E 		eor	lr, lr, r2
  95 003e 04F803E0 		strb	lr, [r4, r3]
  96              		.loc 1 34 32 is_stmt 1 discriminator 3 view .LVU18
  97              		.loc 1 34 33 is_stmt 0 discriminator 3 view .LVU19
  98 0042 0CF1010C 		add	ip, ip, #1
  99              	.LVL7:
 100              	.L5:
 101              		.loc 1 34 25 is_stmt 1 discriminator 1 view .LVU20
 102              		.loc 1 34 9 is_stmt 0 discriminator 1 view .LVU21
 103 0046 6145     		cmp	r1, ip
 104 0048 EFDC     		bgt	.L6
 105              		.loc 1 34 9 discriminator 1 view .LVU22
 106              	.LBE4:
 107              	.LBE3:
  21:Core/Src/lorawan.c ****     for (int i = 1; i <= k; i++) {
 108              		.loc 1 21 29 is_stmt 1 discriminator 2 view .LVU23
  21:Core/Src/lorawan.c ****     for (int i = 1; i <= k; i++) {
 109              		.loc 1 21 30 is_stmt 0 discriminator 2 view .LVU24
 110 004a 0135     		adds	r5, r5, #1
 111              	.LVL8:
 112              	.L3:
  21:Core/Src/lorawan.c ****     for (int i = 1; i <= k; i++) {
 113              		.loc 1 21 21 is_stmt 1 discriminator 1 view .LVU25
  21:Core/Src/lorawan.c ****     for (int i = 1; i <= k; i++) {
 114              		.loc 1 21 5 is_stmt 0 discriminator 1 view .LVU26
 115 004c 4D45     		cmp	r5, r9
 116 004e 3EDC     		bgt	.L11
 117              	.LBB6:
  22:Core/Src/lorawan.c ****         uint8_t A[16] = {
 118              		.loc 1 22 9 is_stmt 1 view .LVU27
  22:Core/Src/lorawan.c ****         uint8_t A[16] = {
 119              		.loc 1 22 17 is_stmt 0 view .LVU28
 120 0050 0123     		movs	r3, #1
 121 0052 8DF80030 		strb	r3, [sp]
 122 0056 0023     		movs	r3, #0
 123 0058 8DF80130 		strb	r3, [sp, #1]
 124 005c 8DF80230 		strb	r3, [sp, #2]
 125 0060 8DF80330 		strb	r3, [sp, #3]
 126 0064 8DF80430 		strb	r3, [sp, #4]
 127 0068 8DF80530 		strb	r3, [sp, #5]
  24:Core/Src/lorawan.c ****             (uint8_t)(fcnt & 0xFF), (uint8_t)((fcnt >> 8) & 0xFF),
 128              		.loc 1 24 23 view .LVU29
 129 006c 3278     		ldrb	r2, [r6]	@ zero_extendqisi2
  22:Core/Src/lorawan.c ****         uint8_t A[16] = {
ARM GAS  /tmp/ccCdku3P.s 			page 4


 130              		.loc 1 22 17 view .LVU30
 131 006e 8DF80620 		strb	r2, [sp, #6]
 132 0072 7278     		ldrb	r2, [r6, #1]	@ zero_extendqisi2
 133 0074 8DF80720 		strb	r2, [sp, #7]
 134 0078 B278     		ldrb	r2, [r6, #2]	@ zero_extendqisi2
 135 007a 8DF80820 		strb	r2, [sp, #8]
 136 007e F278     		ldrb	r2, [r6, #3]	@ zero_extendqisi2
 137 0080 8DF80920 		strb	r2, [sp, #9]
 138 0084 8DF80A70 		strb	r7, [sp, #10]
  25:Core/Src/lorawan.c ****             (uint8_t)((fcnt >> 16) & 0xFF), (uint8_t)((fcnt >> 24) & 0xFF),
 139              		.loc 1 25 37 view .LVU31
 140 0088 C7F30722 		ubfx	r2, r7, #8, #8
  22:Core/Src/lorawan.c ****         uint8_t A[16] = {
 141              		.loc 1 22 17 view .LVU32
 142 008c 8DF80B20 		strb	r2, [sp, #11]
  26:Core/Src/lorawan.c ****             0x00, (uint8_t)i
 143              		.loc 1 26 13 view .LVU33
 144 0090 C7F30742 		ubfx	r2, r7, #16, #8
  22:Core/Src/lorawan.c ****             0x01, 0, 0, 0, 0, 0x00,          /* dir=0 uplink */
 145              		.loc 1 22 17 view .LVU34
 146 0094 8DF80C20 		strb	r2, [sp, #12]
  26:Core/Src/lorawan.c ****             0x00, (uint8_t)i
 147              		.loc 1 26 45 view .LVU35
 148 0098 3A0E     		lsrs	r2, r7, #24
  22:Core/Src/lorawan.c ****             0x01, 0, 0, 0, 0, 0x00,          /* dir=0 uplink */
 149              		.loc 1 22 17 view .LVU36
 150 009a 8DF80D20 		strb	r2, [sp, #13]
 151 009e 8DF80E30 		strb	r3, [sp, #14]
 152 00a2 8DF80F50 		strb	r5, [sp, #15]
  29:Core/Src/lorawan.c ****         memcpy(S, A, 16);
 153              		.loc 1 29 9 is_stmt 1 view .LVU37
  30:Core/Src/lorawan.c ****         aes_encrypt_block(rk, S);
 154              		.loc 1 30 9 view .LVU38
 155 00a6 0DF1100C 		add	ip, sp, #16
 156 00aa 6B46     		mov	r3, sp
 157 00ac 0FCB     		ldm	r3, {r0, r1, r2, r3}
 158 00ae 8CE80F00 		stm	ip, {r0, r1, r2, r3}
  31:Core/Src/lorawan.c ****         int blockstart = (i - 1) * 16;
 159              		.loc 1 31 9 view .LVU39
 160 00b2 6146     		mov	r1, ip
 161 00b4 08A8     		add	r0, sp, #32
 162 00b6 FFF7FEFF 		bl	aes_encrypt_block
 163              	.LVL9:
  32:Core/Src/lorawan.c ****         int n = len - blockstart; if (n > 16) n = 16;
 164              		.loc 1 32 9 view .LVU40
  32:Core/Src/lorawan.c ****         int n = len - blockstart; if (n > 16) n = 16;
 165              		.loc 1 32 29 is_stmt 0 view .LVU41
 166 00ba 691E     		subs	r1, r5, #1
  32:Core/Src/lorawan.c ****         int n = len - blockstart; if (n > 16) n = 16;
 167              		.loc 1 32 13 view .LVU42
 168 00bc 0801     		lsls	r0, r1, #4
 169              	.LVL10:
  33:Core/Src/lorawan.c ****         for (int j = 0; j < n; j++) data[blockstart + j] ^= S[j];
 170              		.loc 1 33 9 is_stmt 1 view .LVU43
  33:Core/Src/lorawan.c ****         for (int j = 0; j < n; j++) data[blockstart + j] ^= S[j];
 171              		.loc 1 33 13 is_stmt 0 view .LVU44
 172 00be A8EB0111 		sub	r1, r8, r1, lsl #4
ARM GAS  /tmp/ccCdku3P.s 			page 5


 173              	.LVL11:
  33:Core/Src/lorawan.c ****         for (int j = 0; j < n; j++) data[blockstart + j] ^= S[j];
 174              		.loc 1 33 35 is_stmt 1 view .LVU45
  33:Core/Src/lorawan.c ****         for (int j = 0; j < n; j++) data[blockstart + j] ^= S[j];
 175              		.loc 1 33 38 is_stmt 0 view .LVU46
 176 00c2 1029     		cmp	r1, #16
 177 00c4 00DD     		ble	.L4
  33:Core/Src/lorawan.c ****         for (int j = 0; j < n; j++) data[blockstart + j] ^= S[j];
 178              		.loc 1 33 49 view .LVU47
 179 00c6 1021     		movs	r1, #16
 180              	.LVL12:
 181              	.L4:
 182              		.loc 1 34 9 is_stmt 1 view .LVU48
 183              	.LBB5:
 184              		.loc 1 34 14 view .LVU49
 185              		.loc 1 34 18 is_stmt 0 view .LVU50
 186 00c8 4FF0000C 		mov	ip, #0
 187              		.loc 1 34 9 view .LVU51
 188 00cc BBE7     		b	.L5
 189              	.LVL13:
 190              	.L11:
 191              		.loc 1 34 9 view .LVU52
 192              	.LBE5:
 193              	.LBE6:
 194              	.LBE7:
  35:Core/Src/lorawan.c ****     }
  36:Core/Src/lorawan.c **** }
 195              		.loc 1 36 1 view .LVU53
 196 00ce 35B0     		add	sp, sp, #212
 197              	.LCFI2:
 198              		.cfi_def_cfa_offset 28
 199              		@ sp needed
 200 00d0 BDE8F083 		pop	{r4, r5, r6, r7, r8, r9, pc}
 201              	.LVL14:
 202              	.L13:
 203              		.loc 1 36 1 view .LVU54
 204              		.align	2
 205              	.L12:
 206 00d4 00000000 		.word	.LANCHOR0
 207              		.cfi_endproc
 208              	.LFE0:
 210              		.section	.text.compute_mic,"ax",%progbits
 211              		.align	1
 212              		.syntax unified
 213              		.thumb
 214              		.thumb_func
 215              		.fpu softvfp
 217              	compute_mic:
 218              	.LVL15:
 219              	.LFB1:
  37:Core/Src/lorawan.c **** 
  38:Core/Src/lorawan.c **** /* MIC по LoRaWAN 1.0: CMAC(NwkSKey, B0 || msg), первые 4 байта */
  39:Core/Src/lorawan.c **** static void compute_mic(const uint8_t *msg, int len,
  40:Core/Src/lorawan.c ****                         const uint8_t devaddr_le[4], uint32_t fcnt,
  41:Core/Src/lorawan.c ****                         uint8_t mic[4])
  42:Core/Src/lorawan.c **** {
 220              		.loc 1 42 1 is_stmt 1 view -0
ARM GAS  /tmp/ccCdku3P.s 			page 6


 221              		.cfi_startproc
 222              		@ args = 4, pretend = 0, frame = 96
 223              		@ frame_needed = 0, uses_anonymous_args = 0
 224              		.loc 1 42 1 is_stmt 0 view .LVU56
 225 0000 30B5     		push	{r4, r5, lr}
 226              	.LCFI3:
 227              		.cfi_def_cfa_offset 12
 228              		.cfi_offset 4, -12
 229              		.cfi_offset 5, -8
 230              		.cfi_offset 14, -4
 231 0002 99B0     		sub	sp, sp, #100
 232              	.LCFI4:
 233              		.cfi_def_cfa_offset 112
 234 0004 8446     		mov	ip, r0
 235 0006 0D46     		mov	r5, r1
  43:Core/Src/lorawan.c ****     uint8_t buf[64];
 236              		.loc 1 43 5 is_stmt 1 view .LVU57
  44:Core/Src/lorawan.c ****     uint8_t B0[16] = {
 237              		.loc 1 44 5 view .LVU58
 238              		.loc 1 44 13 is_stmt 0 view .LVU59
 239 0008 4921     		movs	r1, #73
 240              	.LVL16:
 241              		.loc 1 44 13 view .LVU60
 242 000a 8DF81010 		strb	r1, [sp, #16]
 243 000e 0020     		movs	r0, #0
 244              	.LVL17:
 245              		.loc 1 44 13 view .LVU61
 246 0010 8DF81100 		strb	r0, [sp, #17]
 247 0014 8DF81200 		strb	r0, [sp, #18]
 248 0018 8DF81300 		strb	r0, [sp, #19]
 249 001c 8DF81400 		strb	r0, [sp, #20]
 250 0020 8DF81500 		strb	r0, [sp, #21]
  45:Core/Src/lorawan.c ****         0x49, 0, 0, 0, 0, 0x00,              /* dir=0 */
  46:Core/Src/lorawan.c ****         devaddr_le[0], devaddr_le[1], devaddr_le[2], devaddr_le[3],
 251              		.loc 1 46 19 view .LVU62
 252 0024 1178     		ldrb	r1, [r2]	@ zero_extendqisi2
  44:Core/Src/lorawan.c ****     uint8_t B0[16] = {
 253              		.loc 1 44 13 view .LVU63
 254 0026 8DF81610 		strb	r1, [sp, #22]
 255 002a 5178     		ldrb	r1, [r2, #1]	@ zero_extendqisi2
 256 002c 8DF81710 		strb	r1, [sp, #23]
 257 0030 9178     		ldrb	r1, [r2, #2]	@ zero_extendqisi2
 258 0032 8DF81810 		strb	r1, [sp, #24]
 259 0036 D278     		ldrb	r2, [r2, #3]	@ zero_extendqisi2
 260              	.LVL18:
  44:Core/Src/lorawan.c ****     uint8_t B0[16] = {
 261              		.loc 1 44 13 view .LVU64
 262 0038 8DF81920 		strb	r2, [sp, #25]
 263 003c 8DF81A30 		strb	r3, [sp, #26]
  47:Core/Src/lorawan.c ****         (uint8_t)(fcnt & 0xFF), (uint8_t)((fcnt >> 8) & 0xFF),
 264              		.loc 1 47 33 view .LVU65
 265 0040 C3F30722 		ubfx	r2, r3, #8, #8
  44:Core/Src/lorawan.c ****     uint8_t B0[16] = {
 266              		.loc 1 44 13 view .LVU66
 267 0044 8DF81B20 		strb	r2, [sp, #27]
  48:Core/Src/lorawan.c ****         (uint8_t)((fcnt >> 16) & 0xFF), (uint8_t)((fcnt >> 24) & 0xFF),
 268              		.loc 1 48 9 view .LVU67
ARM GAS  /tmp/ccCdku3P.s 			page 7


 269 0048 C3F30742 		ubfx	r2, r3, #16, #8
  44:Core/Src/lorawan.c ****         0x49, 0, 0, 0, 0, 0x00,              /* dir=0 */
 270              		.loc 1 44 13 view .LVU68
 271 004c 8DF81C20 		strb	r2, [sp, #28]
 272              		.loc 1 48 41 view .LVU69
 273 0050 1B0E     		lsrs	r3, r3, #24
 274              	.LVL19:
  44:Core/Src/lorawan.c ****         0x49, 0, 0, 0, 0, 0x00,              /* dir=0 */
 275              		.loc 1 44 13 view .LVU70
 276 0052 8DF81D30 		strb	r3, [sp, #29]
 277 0056 8DF81E00 		strb	r0, [sp, #30]
 278 005a 8DF81F50 		strb	r5, [sp, #31]
  49:Core/Src/lorawan.c ****         0x00, (uint8_t)len
  50:Core/Src/lorawan.c ****     };
  51:Core/Src/lorawan.c ****     memcpy(buf, B0, 16);
 279              		.loc 1 51 5 is_stmt 1 view .LVU71
 280 005e 08AC     		add	r4, sp, #32
 281 0060 04AB     		add	r3, sp, #16
 282 0062 0FCB     		ldm	r3, {r0, r1, r2, r3}
 283 0064 84E80F00 		stm	r4, {r0, r1, r2, r3}
  52:Core/Src/lorawan.c ****     memcpy(buf + 16, msg, len);
 284              		.loc 1 52 5 view .LVU72
 285 0068 2A46     		mov	r2, r5
 286 006a 6146     		mov	r1, ip
 287 006c 0CA8     		add	r0, sp, #48
 288 006e FFF7FEFF 		bl	memcpy
 289              	.LVL20:
  53:Core/Src/lorawan.c ****     uint8_t full[16];
 290              		.loc 1 53 5 view .LVU73
  54:Core/Src/lorawan.c ****     aes_cmac(NWKSKEY, buf, 16 + len, full);
 291              		.loc 1 54 5 view .LVU74
 292 0072 6B46     		mov	r3, sp
 293 0074 05F11002 		add	r2, r5, #16
 294 0078 2146     		mov	r1, r4
 295 007a 0448     		ldr	r0, .L16
 296 007c FFF7FEFF 		bl	aes_cmac
 297              	.LVL21:
  55:Core/Src/lorawan.c ****     memcpy(mic, full, 4);
 298              		.loc 1 55 5 view .LVU75
 299 0080 009A     		ldr	r2, [sp]
 300 0082 1C9B     		ldr	r3, [sp, #112]
 301 0084 1A60     		str	r2, [r3]	@ unaligned
  56:Core/Src/lorawan.c **** }
 302              		.loc 1 56 1 is_stmt 0 view .LVU76
 303 0086 19B0     		add	sp, sp, #100
 304              	.LCFI5:
 305              		.cfi_def_cfa_offset 12
 306              		@ sp needed
 307 0088 30BD     		pop	{r4, r5, pc}
 308              	.LVL22:
 309              	.L17:
 310              		.loc 1 56 1 view .LVU77
 311 008a 00BF     		.align	2
 312              	.L16:
 313 008c 00000000 		.word	.LANCHOR1
 314              		.cfi_endproc
 315              	.LFE1:
ARM GAS  /tmp/ccCdku3P.s 			page 8


 317              		.section	.text.lorawan_build_uplink,"ax",%progbits
 318              		.align	1
 319              		.global	lorawan_build_uplink
 320              		.syntax unified
 321              		.thumb
 322              		.thumb_func
 323              		.fpu softvfp
 325              	lorawan_build_uplink:
 326              	.LVL23:
 327              	.LFB2:
  57:Core/Src/lorawan.c **** 
  58:Core/Src/lorawan.c **** int lorawan_build_uplink(uint8_t *out, const uint8_t *app_payload,
  59:Core/Src/lorawan.c ****                          int app_len, uint8_t fport, uint32_t fcnt)
  60:Core/Src/lorawan.c **** {
 328              		.loc 1 60 1 is_stmt 1 view -0
 329              		.cfi_startproc
 330              		@ args = 4, pretend = 0, frame = 40
 331              		@ frame_needed = 0, uses_anonymous_args = 0
 332              		.loc 1 60 1 is_stmt 0 view .LVU79
 333 0000 2DE9F041 		push	{r4, r5, r6, r7, r8, lr}
 334              	.LCFI6:
 335              		.cfi_def_cfa_offset 24
 336              		.cfi_offset 4, -24
 337              		.cfi_offset 5, -20
 338              		.cfi_offset 6, -16
 339              		.cfi_offset 7, -12
 340              		.cfi_offset 8, -8
 341              		.cfi_offset 14, -4
 342 0004 8CB0     		sub	sp, sp, #48
 343              	.LCFI7:
 344              		.cfi_def_cfa_offset 72
 345 0006 0446     		mov	r4, r0
 346 0008 1546     		mov	r5, r2
 347 000a 129E     		ldr	r6, [sp, #72]
  61:Core/Src/lorawan.c ****     uint8_t devaddr_le[4] = { DEVADDR[3], DEVADDR[2], DEVADDR[1], DEVADDR[0] };
 348              		.loc 1 61 5 is_stmt 1 view .LVU80
 349              		.loc 1 61 13 is_stmt 0 view .LVU81
 350 000c 4FF0530E 		mov	lr, #83
 351 0010 8DF82CE0 		strb	lr, [sp, #44]
 352 0014 4FF06B0C 		mov	ip, #107
 353 0018 8DF82DC0 		strb	ip, [sp, #45]
 354 001c 8827     		movs	r7, #136
 355 001e 8DF82E70 		strb	r7, [sp, #46]
 356 0022 0020     		movs	r0, #0
 357              	.LVL24:
 358              		.loc 1 61 13 view .LVU82
 359 0024 8DF82F00 		strb	r0, [sp, #47]
  62:Core/Src/lorawan.c ****     int p = 0;
 360              		.loc 1 62 5 is_stmt 1 view .LVU83
 361              	.LVL25:
  63:Core/Src/lorawan.c **** 
  64:Core/Src/lorawan.c ****     out[p++] = 0x40;                        /* MHDR: unconfirmed data up */
 362              		.loc 1 64 5 view .LVU84
 363              		.loc 1 64 14 is_stmt 0 view .LVU85
 364 0028 4FF04008 		mov	r8, #64
 365 002c 84F80080 		strb	r8, [r4]
  65:Core/Src/lorawan.c ****     out[p++] = devaddr_le[0];               /* DevAddr little-endian */
ARM GAS  /tmp/ccCdku3P.s 			page 9


 366              		.loc 1 65 5 is_stmt 1 view .LVU86
 367              	.LVL26:
 368              		.loc 1 65 14 is_stmt 0 view .LVU87
 369 0030 84F801E0 		strb	lr, [r4, #1]
  66:Core/Src/lorawan.c ****     out[p++] = devaddr_le[1];
 370              		.loc 1 66 5 is_stmt 1 view .LVU88
 371              	.LVL27:
 372              		.loc 1 66 14 is_stmt 0 view .LVU89
 373 0034 84F802C0 		strb	ip, [r4, #2]
  67:Core/Src/lorawan.c ****     out[p++] = devaddr_le[2];
 374              		.loc 1 67 5 is_stmt 1 view .LVU90
 375              	.LVL28:
 376              		.loc 1 67 14 is_stmt 0 view .LVU91
 377 0038 E770     		strb	r7, [r4, #3]
  68:Core/Src/lorawan.c ****     out[p++] = devaddr_le[3];
 378              		.loc 1 68 5 is_stmt 1 view .LVU92
 379              	.LVL29:
 380              		.loc 1 68 14 is_stmt 0 view .LVU93
 381 003a 2071     		strb	r0, [r4, #4]
  69:Core/Src/lorawan.c ****     out[p++] = 0x00;                        /* FCtrl */
 382              		.loc 1 69 5 is_stmt 1 view .LVU94
 383              	.LVL30:
 384              		.loc 1 69 14 is_stmt 0 view .LVU95
 385 003c 6071     		strb	r0, [r4, #5]
  70:Core/Src/lorawan.c ****     out[p++] = (uint8_t)(fcnt & 0xFF);      /* FCnt little-endian */
 386              		.loc 1 70 5 is_stmt 1 view .LVU96
 387              	.LVL31:
 388              		.loc 1 70 14 is_stmt 0 view .LVU97
 389 003e A671     		strb	r6, [r4, #6]
  71:Core/Src/lorawan.c ****     out[p++] = (uint8_t)((fcnt >> 8) & 0xFF);
 390              		.loc 1 71 5 is_stmt 1 view .LVU98
 391              	.LVL32:
 392              		.loc 1 71 16 is_stmt 0 view .LVU99
 393 0040 C6F30720 		ubfx	r0, r6, #8, #8
 394              		.loc 1 71 14 view .LVU100
 395 0044 E071     		strb	r0, [r4, #7]
  72:Core/Src/lorawan.c ****     out[p++] = fport;                       /* FPort */
 396              		.loc 1 72 5 is_stmt 1 view .LVU101
 397              	.LVL33:
 398              		.loc 1 72 14 is_stmt 0 view .LVU102
 399 0046 2372     		strb	r3, [r4, #8]
  73:Core/Src/lorawan.c **** 
  74:Core/Src/lorawan.c ****     /* payload: копируем и шифруем на месте */
  75:Core/Src/lorawan.c ****     uint8_t enc[32];
 400              		.loc 1 75 5 is_stmt 1 view .LVU103
  76:Core/Src/lorawan.c ****     memcpy(enc, app_payload, app_len);
 401              		.loc 1 76 5 view .LVU104
 402 0048 03A8     		add	r0, sp, #12
 403 004a FFF7FEFF 		bl	memcpy
 404              	.LVL34:
  77:Core/Src/lorawan.c ****     encrypt_payload(enc, app_len, devaddr_le, fcnt);
 405              		.loc 1 77 5 view .LVU105
 406 004e 3346     		mov	r3, r6
 407 0050 0BAA     		add	r2, sp, #44
 408 0052 2946     		mov	r1, r5
 409 0054 03A8     		add	r0, sp, #12
 410 0056 FFF7FEFF 		bl	encrypt_payload
ARM GAS  /tmp/ccCdku3P.s 			page 10


 411              	.LVL35:
  78:Core/Src/lorawan.c ****     memcpy(out + p, enc, app_len);
 412              		.loc 1 78 5 view .LVU106
 413 005a 2A46     		mov	r2, r5
 414 005c 03A9     		add	r1, sp, #12
 415 005e 04F10900 		add	r0, r4, #9
 416 0062 FFF7FEFF 		bl	memcpy
 417              	.LVL36:
  79:Core/Src/lorawan.c ****     p += app_len;
 418              		.loc 1 79 5 view .LVU107
 419              		.loc 1 79 7 is_stmt 0 view .LVU108
 420 0066 05F10907 		add	r7, r5, #9
 421              	.LVL37:
  80:Core/Src/lorawan.c **** 
  81:Core/Src/lorawan.c ****     /* MIC по MHDR..FRMPayload */
  82:Core/Src/lorawan.c ****     uint8_t mic[4];
 422              		.loc 1 82 5 is_stmt 1 view .LVU109
  83:Core/Src/lorawan.c ****     compute_mic(out, p, devaddr_le, fcnt, mic);
 423              		.loc 1 83 5 view .LVU110
 424 006a 02AB     		add	r3, sp, #8
 425 006c 0093     		str	r3, [sp]
 426 006e 3346     		mov	r3, r6
 427 0070 0BAA     		add	r2, sp, #44
 428 0072 3946     		mov	r1, r7
 429 0074 2046     		mov	r0, r4
 430 0076 FFF7FEFF 		bl	compute_mic
 431              	.LVL38:
  84:Core/Src/lorawan.c ****     memcpy(out + p, mic, 4);
 432              		.loc 1 84 5 view .LVU111
 433 007a 029B     		ldr	r3, [sp, #8]
 434 007c E351     		str	r3, [r4, r7]	@ unaligned
  85:Core/Src/lorawan.c ****     p += 4;
 435              		.loc 1 85 5 view .LVU112
 436              	.LVL39:
  86:Core/Src/lorawan.c **** 
  87:Core/Src/lorawan.c ****     return p;
 437              		.loc 1 87 5 view .LVU113
  88:Core/Src/lorawan.c **** }...
 438              		.loc 1 88 1 is_stmt 0 view .LVU114
 439 007e 05F10D00 		add	r0, r5, #13
 440              	.LVL40:
 441              		.loc 1 88 1 view .LVU115
 442 0082 0CB0     		add	sp, sp, #48
 443              	.LCFI8:
 444              		.cfi_def_cfa_offset 24
 445              		@ sp needed
 446 0084 BDE8F081 		pop	{r4, r5, r6, r7, r8, pc}
 447              		.loc 1 88 1 view .LVU116
 448              		.cfi_endproc
 449              	.LFE2:
 451              		.section	.rodata.APPSKEY,"a"
 452              		.align	2
 453              		.set	.LANCHOR0,. + 0
 456              	APPSKEY:
 457 0000 01020304 		.ascii	"\001\002\003\004\005\006\007\010\011\012\013\014\015"
 457      05060708 
 457      090A0B0C 
ARM GAS  /tmp/ccCdku3P.s 			page 11


 457      0D
 458 000d 0E0F10   		.ascii	"\016\017\020"
 459              		.section	.rodata.NWKSKEY,"a"
 460              		.align	2
 461              		.set	.LANCHOR1,. + 0
 464              	NWKSKEY:
 465 0000 00112233 		.ascii	"\000\021\"3DUfw\210\231\252\273\314\335\356\377"
 465      44556677 
 465      8899AABB 
 465      CCDDEEFF 
 466              		.text
 467              	.Letext0:
 468              		.file 2 "/usr/lib/gcc/arm-none-eabi/10.3.1/include/stdint.h"
 469              		.file 3 "Core/Inc/aes.h"
 470              		.file 4 "<built-in>"
ARM GAS  /tmp/ccCdku3P.s 			page 12


DEFINED SYMBOLS
                            *ABS*:0000000000000000 lorawan.c
     /tmp/ccCdku3P.s:16     .text.encrypt_payload:0000000000000000 $t
     /tmp/ccCdku3P.s:23     .text.encrypt_payload:0000000000000000 encrypt_payload
     /tmp/ccCdku3P.s:206    .text.encrypt_payload:00000000000000d4 $d
     /tmp/ccCdku3P.s:211    .text.compute_mic:0000000000000000 $t
     /tmp/ccCdku3P.s:217    .text.compute_mic:0000000000000000 compute_mic
     /tmp/ccCdku3P.s:313    .text.compute_mic:000000000000008c $d
     /tmp/ccCdku3P.s:318    .text.lorawan_build_uplink:0000000000000000 $t
     /tmp/ccCdku3P.s:325    .text.lorawan_build_uplink:0000000000000000 lorawan_build_uplink
     /tmp/ccCdku3P.s:452    .rodata.APPSKEY:0000000000000000 $d
     /tmp/ccCdku3P.s:456    .rodata.APPSKEY:0000000000000000 APPSKEY
     /tmp/ccCdku3P.s:460    .rodata.NWKSKEY:0000000000000000 $d
     /tmp/ccCdku3P.s:464    .rodata.NWKSKEY:0000000000000000 NWKSKEY

UNDEFINED SYMBOLS
aes_key_expand
aes_encrypt_block
memcpy
aes_cmac
