ARM GAS  /tmp/ccf6A0KO.s 			page 1


   1              		.cpu cortex-m3
   2              		.eabi_attribute 20, 1
   3              		.eabi_attribute 21, 1
   4              		.eabi_attribute 23, 3
   5              		.eabi_attribute 24, 1
   6              		.eabi_attribute 25, 1
   7              		.eabi_attribute 26, 1
   8              		.eabi_attribute 30, 1
   9              		.eabi_attribute 34, 1
  10              		.eabi_attribute 18, 4
  11              		.file	"sx126x.c"
  12              		.text
  13              	.Ltext0:
  14              		.cfi_sections	.debug_frame
  15              		.section	.text.busy,"ax",%progbits
  16              		.align	1
  17              		.arch armv7-m
  18              		.syntax unified
  19              		.thumb
  20              		.thumb_func
  21              		.fpu softvfp
  23              	busy:
  24              	.LFB66:
  25              		.file 1 "Core/Src/sx126x.c"
   1:Core/Src/sx126x.c **** /**
   2:Core/Src/sx126x.c ****   * @file    sx126x.c
   3:Core/Src/sx126x.c ****   * @brief   Драйвер SX1262 (Ra-01SH). Параметры радио берутся из con
   4:Core/Src/sx126x.c ****   */
   5:Core/Src/sx126x.c **** #include "sx126x.h"
   6:Core/Src/sx126x.c **** #include "config.h"
   7:Core/Src/sx126x.c **** 
   8:Core/Src/sx126x.c **** /* ====== Опкоды команд SX1262 (из даташита) ====== */
   9:Core/Src/sx126x.c **** #define SX_SET_STANDBY        0x80
  10:Core/Src/sx126x.c **** #define SX_SET_TX             0x83
  11:Core/Src/sx126x.c **** #define SX_SET_REGULATOR      0x96
  12:Core/Src/sx126x.c **** #define SX_SET_DIO2_RFSW      0x9D
  13:Core/Src/sx126x.c **** #define SX_CALIBRATE          0x89
  14:Core/Src/sx126x.c **** #define SX_CALIBRATE_IMAGE    0x98
  15:Core/Src/sx126x.c **** #define SX_SET_PACKET_TYPE    0x8A
  16:Core/Src/sx126x.c **** #define SX_SET_RF_FREQUENCY   0x86
  17:Core/Src/sx126x.c **** #define SX_SET_PA_CONFIG      0x95
  18:Core/Src/sx126x.c **** #define SX_SET_TX_PARAMS      0x8E
  19:Core/Src/sx126x.c **** #define SX_SET_MODULATION     0x8B
  20:Core/Src/sx126x.c **** #define SX_SET_PACKET_PARAMS  0x8C
  21:Core/Src/sx126x.c **** #define SX_SET_BUFFER_BASE    0x8F
  22:Core/Src/sx126x.c **** #define SX_WRITE_BUFFER       0x0E
  23:Core/Src/sx126x.c **** #define SX_WRITE_REGISTER     0x0D
  24:Core/Src/sx126x.c **** #define SX_SET_DIO_IRQ        0x08
  25:Core/Src/sx126x.c **** #define SX_CLR_IRQ_STATUS     0x02
  26:Core/Src/sx126x.c **** #define SX_GET_STATUS         0xC0
  27:Core/Src/sx126x.c **** #define SX_READ_REGISTER      0x1D
  28:Core/Src/sx126x.c **** #define SX_GET_DEVICE_ERRORS  0x17
  29:Core/Src/sx126x.c **** 
  30:Core/Src/sx126x.c **** static SPI_HandleTypeDef *hspi = 0;
  31:Core/Src/sx126x.c **** 
  32:Core/Src/sx126x.c **** void sx_init(SPI_HandleTypeDef *h) { hspi = h; }
  33:Core/Src/sx126x.c **** 
ARM GAS  /tmp/ccf6A0KO.s 			page 2


  34:Core/Src/sx126x.c **** /* Программная задержка вместо аппаратного BUSY (пин BUSY н
  35:Core/Src/sx126x.c **** static void busy(void) { HAL_Delay(5); }
  26              		.loc 1 35 24 view -0
  27              		.cfi_startproc
  28              		@ args = 0, pretend = 0, frame = 0
  29              		@ frame_needed = 0, uses_anonymous_args = 0
  30 0000 08B5     		push	{r3, lr}
  31              	.LCFI0:
  32              		.cfi_def_cfa_offset 8
  33              		.cfi_offset 3, -8
  34              		.cfi_offset 14, -4
  35              		.loc 1 35 26 view .LVU1
  36 0002 0520     		movs	r0, #5
  37 0004 FFF7FEFF 		bl	HAL_Delay
  38              	.LVL0:
  39              		.loc 1 35 40 is_stmt 0 view .LVU2
  40 0008 08BD     		pop	{r3, pc}
  41              		.cfi_endproc
  42              	.LFE66:
  44              		.section	.text.sx_cmd,"ax",%progbits
  45              		.align	1
  46              		.syntax unified
  47              		.thumb
  48              		.thumb_func
  49              		.fpu softvfp
  51              	sx_cmd:
  52              	.LVL1:
  53              	.LFB67:
  36:Core/Src/sx126x.c **** 
  37:Core/Src/sx126x.c **** /* Базовая SPI-транзакция: NSS↓ → обмен → NSS↑ */
  38:Core/Src/sx126x.c **** static void sx_cmd(uint8_t *tx, uint8_t *rx, uint16_t len)
  39:Core/Src/sx126x.c **** {
  54              		.loc 1 39 1 is_stmt 1 view -0
  55              		.cfi_startproc
  56              		@ args = 0, pretend = 0, frame = 0
  57              		@ frame_needed = 0, uses_anonymous_args = 0
  58              		.loc 1 39 1 is_stmt 0 view .LVU4
  59 0000 F0B5     		push	{r4, r5, r6, r7, lr}
  60              	.LCFI1:
  61              		.cfi_def_cfa_offset 20
  62              		.cfi_offset 4, -20
  63              		.cfi_offset 5, -16
  64              		.cfi_offset 6, -12
  65              		.cfi_offset 7, -8
  66              		.cfi_offset 14, -4
  67 0002 83B0     		sub	sp, sp, #12
  68              	.LCFI2:
  69              		.cfi_def_cfa_offset 32
  70 0004 0446     		mov	r4, r0
  71 0006 0D46     		mov	r5, r1
  72 0008 1646     		mov	r6, r2
  40:Core/Src/sx126x.c ****     busy();
  73              		.loc 1 40 5 is_stmt 1 view .LVU5
  74 000a FFF7FEFF 		bl	busy
  75              	.LVL2:
  41:Core/Src/sx126x.c ****     HAL_GPIO_WritePin(NSS_GPIO_Port, NSS_Pin, GPIO_PIN_RESET);
  76              		.loc 1 41 5 view .LVU6
ARM GAS  /tmp/ccf6A0KO.s 			page 3


  77 000e 0B4F     		ldr	r7, .L5
  78 0010 0022     		movs	r2, #0
  79 0012 1021     		movs	r1, #16
  80 0014 3846     		mov	r0, r7
  81 0016 FFF7FEFF 		bl	HAL_GPIO_WritePin
  82              	.LVL3:
  42:Core/Src/sx126x.c ****     HAL_SPI_TransmitReceive(hspi, tx, rx, len, 100);
  83              		.loc 1 42 5 view .LVU7
  84 001a 6423     		movs	r3, #100
  85 001c 0093     		str	r3, [sp]
  86 001e 3346     		mov	r3, r6
  87 0020 2A46     		mov	r2, r5
  88 0022 2146     		mov	r1, r4
  89 0024 0648     		ldr	r0, .L5+4
  90 0026 0068     		ldr	r0, [r0]
  91 0028 FFF7FEFF 		bl	HAL_SPI_TransmitReceive
  92              	.LVL4:
  43:Core/Src/sx126x.c ****     HAL_GPIO_WritePin(NSS_GPIO_Port, NSS_Pin, GPIO_PIN_SET);
  93              		.loc 1 43 5 view .LVU8
  94 002c 0122     		movs	r2, #1
  95 002e 1021     		movs	r1, #16
  96 0030 3846     		mov	r0, r7
  97 0032 FFF7FEFF 		bl	HAL_GPIO_WritePin
  98              	.LVL5:
  44:Core/Src/sx126x.c **** }
  99              		.loc 1 44 1 is_stmt 0 view .LVU9
 100 0036 03B0     		add	sp, sp, #12
 101              	.LCFI3:
 102              		.cfi_def_cfa_offset 20
 103              		@ sp needed
 104 0038 F0BD     		pop	{r4, r5, r6, r7, pc}
 105              	.LVL6:
 106              	.L6:
 107              		.loc 1 44 1 view .LVU10
 108 003a 00BF     		.align	2
 109              	.L5:
 110 003c 00080140 		.word	1073809408
 111 0040 00000000 		.word	.LANCHOR0
 112              		.cfi_endproc
 113              	.LFE67:
 115              		.section	.text.sx_init,"ax",%progbits
 116              		.align	1
 117              		.global	sx_init
 118              		.syntax unified
 119              		.thumb
 120              		.thumb_func
 121              		.fpu softvfp
 123              	sx_init:
 124              	.LVL7:
 125              	.LFB65:
  32:Core/Src/sx126x.c **** 
 126              		.loc 1 32 36 is_stmt 1 view -0
 127              		.cfi_startproc
 128              		@ args = 0, pretend = 0, frame = 0
 129              		@ frame_needed = 0, uses_anonymous_args = 0
 130              		@ link register save eliminated.
  32:Core/Src/sx126x.c **** 
ARM GAS  /tmp/ccf6A0KO.s 			page 4


 131              		.loc 1 32 38 view .LVU12
  32:Core/Src/sx126x.c **** 
 132              		.loc 1 32 43 is_stmt 0 view .LVU13
 133 0000 014B     		ldr	r3, .L8
 134 0002 1860     		str	r0, [r3]
  32:Core/Src/sx126x.c **** 
 135              		.loc 1 32 48 view .LVU14
 136 0004 7047     		bx	lr
 137              	.L9:
 138 0006 00BF     		.align	2
 139              	.L8:
 140 0008 00000000 		.word	.LANCHOR0
 141              		.cfi_endproc
 142              	.LFE65:
 144              		.section	.text.sx_reset,"ax",%progbits
 145              		.align	1
 146              		.global	sx_reset
 147              		.syntax unified
 148              		.thumb
 149              		.thumb_func
 150              		.fpu softvfp
 152              	sx_reset:
 153              	.LFB68:
  45:Core/Src/sx126x.c **** 
  46:Core/Src/sx126x.c **** void sx_reset(void)
  47:Core/Src/sx126x.c **** {
 154              		.loc 1 47 1 is_stmt 1 view -0
 155              		.cfi_startproc
 156              		@ args = 0, pretend = 0, frame = 0
 157              		@ frame_needed = 0, uses_anonymous_args = 0
 158 0000 10B5     		push	{r4, lr}
 159              	.LCFI4:
 160              		.cfi_def_cfa_offset 8
 161              		.cfi_offset 4, -8
 162              		.cfi_offset 14, -4
  48:Core/Src/sx126x.c ****     HAL_GPIO_WritePin(NSS_GPIO_Port, NSS_Pin, GPIO_PIN_SET);
 163              		.loc 1 48 5 view .LVU16
 164 0002 0122     		movs	r2, #1
 165 0004 1021     		movs	r1, #16
 166 0006 0A48     		ldr	r0, .L12
 167 0008 FFF7FEFF 		bl	HAL_GPIO_WritePin
 168              	.LVL8:
  49:Core/Src/sx126x.c ****     HAL_GPIO_WritePin(RST_GPIO_Port, RST_Pin, GPIO_PIN_RESET);
 169              		.loc 1 49 5 view .LVU17
 170 000c 094C     		ldr	r4, .L12+4
 171 000e 0022     		movs	r2, #0
 172 0010 0121     		movs	r1, #1
 173 0012 2046     		mov	r0, r4
 174 0014 FFF7FEFF 		bl	HAL_GPIO_WritePin
 175              	.LVL9:
  50:Core/Src/sx126x.c ****     HAL_Delay(50);
 176              		.loc 1 50 5 view .LVU18
 177 0018 3220     		movs	r0, #50
 178 001a FFF7FEFF 		bl	HAL_Delay
 179              	.LVL10:
  51:Core/Src/sx126x.c ****     HAL_GPIO_WritePin(RST_GPIO_Port, RST_Pin, GPIO_PIN_SET);
 180              		.loc 1 51 5 view .LVU19
ARM GAS  /tmp/ccf6A0KO.s 			page 5


 181 001e 0122     		movs	r2, #1
 182 0020 1146     		mov	r1, r2
 183 0022 2046     		mov	r0, r4
 184 0024 FFF7FEFF 		bl	HAL_GPIO_WritePin
 185              	.LVL11:
  52:Core/Src/sx126x.c ****     HAL_Delay(100);
 186              		.loc 1 52 5 view .LVU20
 187 0028 6420     		movs	r0, #100
 188 002a FFF7FEFF 		bl	HAL_Delay
 189              	.LVL12:
  53:Core/Src/sx126x.c **** }
 190              		.loc 1 53 1 is_stmt 0 view .LVU21
 191 002e 10BD     		pop	{r4, pc}
 192              	.L13:
 193              		.align	2
 194              	.L12:
 195 0030 00080140 		.word	1073809408
 196 0034 000C0140 		.word	1073810432
 197              		.cfi_endproc
 198              	.LFE68:
 200              		.section	.text.sx_chipmode,"ax",%progbits
 201              		.align	1
 202              		.global	sx_chipmode
 203              		.syntax unified
 204              		.thumb
 205              		.thumb_func
 206              		.fpu softvfp
 208              	sx_chipmode:
 209              	.LFB69:
  54:Core/Src/sx126x.c **** 
  55:Core/Src/sx126x.c **** uint8_t sx_chipmode(void)
  56:Core/Src/sx126x.c **** {
 210              		.loc 1 56 1 is_stmt 1 view -0
 211              		.cfi_startproc
 212              		@ args = 0, pretend = 0, frame = 8
 213              		@ frame_needed = 0, uses_anonymous_args = 0
 214 0000 00B5     		push	{lr}
 215              	.LCFI5:
 216              		.cfi_def_cfa_offset 4
 217              		.cfi_offset 14, -4
 218 0002 83B0     		sub	sp, sp, #12
 219              	.LCFI6:
 220              		.cfi_def_cfa_offset 16
  57:Core/Src/sx126x.c ****     uint8_t tx[2] = { SX_GET_STATUS, 0x00 };
 221              		.loc 1 57 5 view .LVU23
 222              		.loc 1 57 13 is_stmt 0 view .LVU24
 223 0004 C023     		movs	r3, #192
 224 0006 ADF80430 		strh	r3, [sp, #4]	@ movhi
  58:Core/Src/sx126x.c ****     uint8_t rx[2] = {0};
 225              		.loc 1 58 5 is_stmt 1 view .LVU25
 226              		.loc 1 58 13 is_stmt 0 view .LVU26
 227 000a 0023     		movs	r3, #0
 228 000c ADF80030 		strh	r3, [sp]	@ movhi
  59:Core/Src/sx126x.c ****     sx_cmd(tx, rx, 2);
 229              		.loc 1 59 5 is_stmt 1 view .LVU27
 230 0010 0222     		movs	r2, #2
 231 0012 6946     		mov	r1, sp
ARM GAS  /tmp/ccf6A0KO.s 			page 6


 232 0014 01A8     		add	r0, sp, #4
 233 0016 FFF7FEFF 		bl	sx_cmd
 234              	.LVL13:
  60:Core/Src/sx126x.c ****     return (rx[1] >> 4) & 0x7;
 235              		.loc 1 60 5 view .LVU28
 236              		.loc 1 60 15 is_stmt 0 view .LVU29
 237 001a 9DF80100 		ldrb	r0, [sp, #1]	@ zero_extendqisi2
  61:Core/Src/sx126x.c **** }
 238              		.loc 1 61 1 view .LVU30
 239 001e C0F30210 		ubfx	r0, r0, #4, #3
 240 0022 03B0     		add	sp, sp, #12
 241              	.LCFI7:
 242              		.cfi_def_cfa_offset 4
 243              		@ sp needed
 244 0024 5DF804FB 		ldr	pc, [sp], #4
 245              		.cfi_endproc
 246              	.LFE69:
 248              		.section	.text.sx_readreg,"ax",%progbits
 249              		.align	1
 250              		.global	sx_readreg
 251              		.syntax unified
 252              		.thumb
 253              		.thumb_func
 254              		.fpu softvfp
 256              	sx_readreg:
 257              	.LVL14:
 258              	.LFB70:
  62:Core/Src/sx126x.c **** 
  63:Core/Src/sx126x.c **** uint8_t sx_readreg(uint16_t addr)
  64:Core/Src/sx126x.c **** {
 259              		.loc 1 64 1 is_stmt 1 view -0
 260              		.cfi_startproc
 261              		@ args = 0, pretend = 0, frame = 16
 262              		@ frame_needed = 0, uses_anonymous_args = 0
 263              		.loc 1 64 1 is_stmt 0 view .LVU32
 264 0000 00B5     		push	{lr}
 265              	.LCFI8:
 266              		.cfi_def_cfa_offset 4
 267              		.cfi_offset 14, -4
 268 0002 85B0     		sub	sp, sp, #20
 269              	.LCFI9:
 270              		.cfi_def_cfa_offset 24
  65:Core/Src/sx126x.c ****     uint8_t tx[5] = { SX_READ_REGISTER, (addr >> 8) & 0xFF, addr & 0xFF, 0x00, 0x00 };
 271              		.loc 1 65 5 is_stmt 1 view .LVU33
 272              		.loc 1 65 13 is_stmt 0 view .LVU34
 273 0004 1D23     		movs	r3, #29
 274 0006 8DF80830 		strb	r3, [sp, #8]
 275 000a 030A     		lsrs	r3, r0, #8
 276 000c 8DF80930 		strb	r3, [sp, #9]
 277 0010 8DF80A00 		strb	r0, [sp, #10]
 278 0014 0023     		movs	r3, #0
 279 0016 8DF80B30 		strb	r3, [sp, #11]
 280 001a 8DF80C30 		strb	r3, [sp, #12]
  66:Core/Src/sx126x.c ****     uint8_t rx[5] = {0};
 281              		.loc 1 66 5 is_stmt 1 view .LVU35
 282              		.loc 1 66 13 is_stmt 0 view .LVU36
 283 001e 0093     		str	r3, [sp]
ARM GAS  /tmp/ccf6A0KO.s 			page 7


 284 0020 8DF80430 		strb	r3, [sp, #4]
  67:Core/Src/sx126x.c ****     sx_cmd(tx, rx, 5);
 285              		.loc 1 67 5 is_stmt 1 view .LVU37
 286 0024 0522     		movs	r2, #5
 287 0026 6946     		mov	r1, sp
 288 0028 02A8     		add	r0, sp, #8
 289              	.LVL15:
 290              		.loc 1 67 5 is_stmt 0 view .LVU38
 291 002a FFF7FEFF 		bl	sx_cmd
 292              	.LVL16:
  68:Core/Src/sx126x.c ****     return rx[4];
 293              		.loc 1 68 5 is_stmt 1 view .LVU39
  69:Core/Src/sx126x.c **** }
 294              		.loc 1 69 1 is_stmt 0 view .LVU40
 295 002e 9DF80400 		ldrb	r0, [sp, #4]	@ zero_extendqisi2
 296 0032 05B0     		add	sp, sp, #20
 297              	.LCFI10:
 298              		.cfi_def_cfa_offset 4
 299              		@ sp needed
 300 0034 5DF804FB 		ldr	pc, [sp], #4
 301              		.cfi_endproc
 302              	.LFE70:
 304              		.section	.rodata.sx_radio_config.str1.4,"aMS",%progbits,1
 305              		.align	2
 306              	.LC0:
 307 0000 98D7DB00 		.ascii	"\230\327\333\000"
 308              		.align	2
 309              	.LC1:
 310 0004 8636403D 		.ascii	"\2066@=`\000"
 310      6000
 311 000a 0000     		.align	2
 312              	.LC3:
 313 000c 8E140400 		.ascii	"\216\024\004\000"
 314              		.align	2
 315              	.LC4:
 316 0010 8B0C0401 		.ascii	"\213\014\004\001\001\000"
 316      0100
 317 0016 0000     		.align	2
 318              	.LC5:
 319 0018 0D074034 		.ascii	"\015\007@4D\000"
 319      4400
 320              		.section	.text.sx_radio_config,"ax",%progbits
 321              		.align	1
 322              		.global	sx_radio_config
 323              		.syntax unified
 324              		.thumb
 325              		.thumb_func
 326              		.fpu softvfp
 328              	sx_radio_config:
 329              	.LFB71:
  70:Core/Src/sx126x.c **** 
  71:Core/Src/sx126x.c **** void sx_radio_config(void)
  72:Core/Src/sx126x.c **** {
 330              		.loc 1 72 1 is_stmt 1 view -0
 331              		.cfi_startproc
 332              		@ args = 0, pretend = 0, frame = 24
 333              		@ frame_needed = 0, uses_anonymous_args = 0
ARM GAS  /tmp/ccf6A0KO.s 			page 8


 334 0000 00B5     		push	{lr}
 335              	.LCFI11:
 336              		.cfi_def_cfa_offset 4
 337              		.cfi_offset 14, -4
 338 0002 87B0     		sub	sp, sp, #28
 339              	.LCFI12:
 340              		.cfi_def_cfa_offset 32
  73:Core/Src/sx126x.c ****     uint8_t rx[10] = {0};
 341              		.loc 1 73 5 view .LVU42
 342              		.loc 1 73 13 is_stmt 0 view .LVU43
 343 0004 0023     		movs	r3, #0
 344 0006 0393     		str	r3, [sp, #12]
 345 0008 0493     		str	r3, [sp, #16]
 346 000a ADF81430 		strh	r3, [sp, #20]	@ movhi
 347              	.LBB2:
  74:Core/Src/sx126x.c **** 
  75:Core/Src/sx126x.c ****     { uint8_t t[2] = { SX_SET_STANDBY, 0x00 }; sx_cmd(t, rx, 2); HAL_Delay(5); }
 348              		.loc 1 75 7 is_stmt 1 view .LVU44
 349              		.loc 1 75 15 is_stmt 0 view .LVU45
 350 000e 8023     		movs	r3, #128
 351 0010 ADF80430 		strh	r3, [sp, #4]	@ movhi
 352              		.loc 1 75 48 is_stmt 1 view .LVU46
 353 0014 0222     		movs	r2, #2
 354 0016 03A9     		add	r1, sp, #12
 355 0018 01A8     		add	r0, sp, #4
 356 001a FFF7FEFF 		bl	sx_cmd
 357              	.LVL17:
 358              		.loc 1 75 66 view .LVU47
 359 001e 0520     		movs	r0, #5
 360 0020 FFF7FEFF 		bl	HAL_Delay
 361              	.LVL18:
 362              	.LBE2:
 363              	.LBB3:
  76:Core/Src/sx126x.c ****     { uint8_t t[2] = { SX_CALIBRATE, 0x7F };   sx_cmd(t, rx, 2); HAL_Delay(20); }
 364              		.loc 1 76 7 view .LVU48
 365              		.loc 1 76 15 is_stmt 0 view .LVU49
 366 0024 47F68973 		movw	r3, #32649
 367 0028 ADF80430 		strh	r3, [sp, #4]	@ movhi
 368              		.loc 1 76 48 is_stmt 1 view .LVU50
 369 002c 0222     		movs	r2, #2
 370 002e 03A9     		add	r1, sp, #12
 371 0030 01A8     		add	r0, sp, #4
 372 0032 FFF7FEFF 		bl	sx_cmd
 373              	.LVL19:
 374              		.loc 1 76 66 view .LVU51
 375 0036 1420     		movs	r0, #20
 376 0038 FFF7FEFF 		bl	HAL_Delay
 377              	.LVL20:
 378              	.LBE3:
 379              	.LBB4:
  77:Core/Src/sx126x.c ****     { uint8_t t[1] = { 0x07 };                 sx_cmd(t, rx, 1); HAL_Delay(5); }
 380              		.loc 1 77 7 view .LVU52
 381              		.loc 1 77 15 is_stmt 0 view .LVU53
 382 003c 0723     		movs	r3, #7
 383 003e 8DF80430 		strb	r3, [sp, #4]
 384              		.loc 1 77 48 is_stmt 1 view .LVU54
 385 0042 0122     		movs	r2, #1
ARM GAS  /tmp/ccf6A0KO.s 			page 9


 386 0044 03A9     		add	r1, sp, #12
 387 0046 01A8     		add	r0, sp, #4
 388 0048 FFF7FEFF 		bl	sx_cmd
 389              	.LVL21:
 390              		.loc 1 77 66 view .LVU55
 391 004c 0520     		movs	r0, #5
 392 004e FFF7FEFF 		bl	HAL_Delay
 393              	.LVL22:
 394              	.LBE4:
 395              	.LBB5:
  78:Core/Src/sx126x.c **** 
  79:Core/Src/sx126x.c ****     /* Регулятор LDO (Ra-01SH не имеет DC-DC) */
  80:Core/Src/sx126x.c ****     { uint8_t t[2] = { SX_SET_REGULATOR, 0x00 }; sx_cmd(t, rx, 2); HAL_Delay(5); }
 396              		.loc 1 80 7 view .LVU56
 397              		.loc 1 80 15 is_stmt 0 view .LVU57
 398 0052 9623     		movs	r3, #150
 399 0054 ADF80430 		strh	r3, [sp, #4]	@ movhi
 400              		.loc 1 80 50 is_stmt 1 view .LVU58
 401 0058 0222     		movs	r2, #2
 402 005a 03A9     		add	r1, sp, #12
 403 005c 01A8     		add	r0, sp, #4
 404 005e FFF7FEFF 		bl	sx_cmd
 405              	.LVL23:
 406              		.loc 1 80 68 view .LVU59
 407 0062 0520     		movs	r0, #5
 408 0064 FFF7FEFF 		bl	HAL_Delay
 409              	.LVL24:
 410              	.LBE5:
 411              	.LBB6:
  81:Core/Src/sx126x.c ****     /* DIO2 управляет RF-свитчем */
  82:Core/Src/sx126x.c ****     { uint8_t t[2] = { SX_SET_DIO2_RFSW, 0x01 }; sx_cmd(t, rx, 2); HAL_Delay(5); }
 412              		.loc 1 82 7 view .LVU60
 413              		.loc 1 82 15 is_stmt 0 view .LVU61
 414 0068 40F29D13 		movw	r3, #413
 415 006c ADF80430 		strh	r3, [sp, #4]	@ movhi
 416              		.loc 1 82 50 is_stmt 1 view .LVU62
 417 0070 0222     		movs	r2, #2
 418 0072 03A9     		add	r1, sp, #12
 419 0074 01A8     		add	r0, sp, #4
 420 0076 FFF7FEFF 		bl	sx_cmd
 421              	.LVL25:
 422              		.loc 1 82 68 view .LVU63
 423 007a 0520     		movs	r0, #5
 424 007c FFF7FEFF 		bl	HAL_Delay
 425              	.LVL26:
 426              	.LBE6:
 427              	.LBB7:
  83:Core/Src/sx126x.c ****     /* CalibrateImage 863-870 МГц */
  84:Core/Src/sx126x.c ****     { uint8_t t[3] = { SX_CALIBRATE_IMAGE, 0xD7, 0xDB }; sx_cmd(t, rx, 3); HAL_Delay(5); }
 428              		.loc 1 84 7 view .LVU64
 429              		.loc 1 84 15 is_stmt 0 view .LVU65
 430 0080 324B     		ldr	r3, .L20
 431 0082 1B68     		ldr	r3, [r3]
 432 0084 ADF80430 		strh	r3, [sp, #4]	@ movhi
 433 0088 1B0C     		lsrs	r3, r3, #16
 434 008a 8DF80630 		strb	r3, [sp, #6]
 435              		.loc 1 84 58 is_stmt 1 view .LVU66
ARM GAS  /tmp/ccf6A0KO.s 			page 10


 436 008e 0322     		movs	r2, #3
 437 0090 03A9     		add	r1, sp, #12
 438 0092 01A8     		add	r0, sp, #4
 439 0094 FFF7FEFF 		bl	sx_cmd
 440              	.LVL27:
 441              		.loc 1 84 76 view .LVU67
 442 0098 0520     		movs	r0, #5
 443 009a FFF7FEFF 		bl	HAL_Delay
 444              	.LVL28:
 445              	.LBE7:
 446              	.LBB8:
  85:Core/Src/sx126x.c ****     /* PacketType = LoRa */
  86:Core/Src/sx126x.c ****     { uint8_t t[2] = { SX_SET_PACKET_TYPE, 0x01 }; sx_cmd(t, rx, 2); HAL_Delay(5); }
 447              		.loc 1 86 7 view .LVU68
 448              		.loc 1 86 15 is_stmt 0 view .LVU69
 449 009e 4FF4C573 		mov	r3, #394
 450 00a2 ADF80430 		strh	r3, [sp, #4]	@ movhi
 451              		.loc 1 86 52 is_stmt 1 view .LVU70
 452 00a6 0222     		movs	r2, #2
 453 00a8 03A9     		add	r1, sp, #12
 454 00aa 01A8     		add	r0, sp, #4
 455 00ac FFF7FEFF 		bl	sx_cmd
 456              	.LVL29:
 457              		.loc 1 86 70 view .LVU71
 458 00b0 0520     		movs	r0, #5
 459 00b2 FFF7FEFF 		bl	HAL_Delay
 460              	.LVL30:
 461              	.LBE8:
 462              	.LBB9:
  87:Core/Src/sx126x.c **** 
  88:Core/Src/sx126x.c ****     /* Частота (из config.h) */
  89:Core/Src/sx126x.c ****     { uint8_t t[5] = { SX_SET_RF_FREQUENCY,
 463              		.loc 1 89 7 view .LVU72
 464              		.loc 1 89 15 is_stmt 0 view .LVU73
 465 00b6 264B     		ldr	r3, .L20+4
 466 00b8 93E80300 		ldm	r3, {r0, r1}
 467 00bc 0190     		str	r0, [sp, #4]
 468 00be 8DF80810 		strb	r1, [sp, #8]
  90:Core/Src/sx126x.c ****                        CFG_FREQ_B1, CFG_FREQ_B2, CFG_FREQ_B3, CFG_FREQ_B4 };
  91:Core/Src/sx126x.c ****       sx_cmd(t, rx, 5); HAL_Delay(5); }
 469              		.loc 1 91 7 is_stmt 1 view .LVU74
 470 00c2 0522     		movs	r2, #5
 471 00c4 03A9     		add	r1, sp, #12
 472 00c6 01A8     		add	r0, sp, #4
 473 00c8 FFF7FEFF 		bl	sx_cmd
 474              	.LVL31:
 475              		.loc 1 91 25 view .LVU75
 476 00cc 0520     		movs	r0, #5
 477 00ce FFF7FEFF 		bl	HAL_Delay
 478              	.LVL32:
 479              	.LBE9:
 480              	.LBB10:
  92:Core/Src/sx126x.c **** 
  93:Core/Src/sx126x.c ****     /* PA config +22 dBm */
  94:Core/Src/sx126x.c ****     { uint8_t t[5] = { SX_SET_PA_CONFIG, 0x04, 0x07, 0x00, 0x01 };
 481              		.loc 1 94 7 view .LVU76
 482              		.loc 1 94 15 is_stmt 0 view .LVU77
ARM GAS  /tmp/ccf6A0KO.s 			page 11


 483 00d2 204B     		ldr	r3, .L20+8
 484 00d4 93E80300 		ldm	r3, {r0, r1}
 485 00d8 0190     		str	r0, [sp, #4]
 486 00da 8DF80810 		strb	r1, [sp, #8]
  95:Core/Src/sx126x.c ****       sx_cmd(t, rx, 5); HAL_Delay(5); }
 487              		.loc 1 95 7 is_stmt 1 view .LVU78
 488 00de 0522     		movs	r2, #5
 489 00e0 03A9     		add	r1, sp, #12
 490 00e2 01A8     		add	r0, sp, #4
 491 00e4 FFF7FEFF 		bl	sx_cmd
 492              	.LVL33:
 493              		.loc 1 95 25 view .LVU79
 494 00e8 0520     		movs	r0, #5
 495 00ea FFF7FEFF 		bl	HAL_Delay
 496              	.LVL34:
 497              	.LBE10:
 498              	.LBB11:
  96:Core/Src/sx126x.c ****     /* TX params: мощность из config, ramp 200us */
  97:Core/Src/sx126x.c ****     { uint8_t t[3] = { SX_SET_TX_PARAMS, CFG_TX_POWER, 0x04 };
 499              		.loc 1 97 7 view .LVU80
 500              		.loc 1 97 15 is_stmt 0 view .LVU81
 501 00ee 1A4B     		ldr	r3, .L20+12
 502 00f0 1B68     		ldr	r3, [r3]
 503 00f2 ADF80430 		strh	r3, [sp, #4]	@ movhi
 504 00f6 1B0C     		lsrs	r3, r3, #16
 505 00f8 8DF80630 		strb	r3, [sp, #6]
  98:Core/Src/sx126x.c ****       sx_cmd(t, rx, 3); HAL_Delay(5); }
 506              		.loc 1 98 7 is_stmt 1 view .LVU82
 507 00fc 0322     		movs	r2, #3
 508 00fe 03A9     		add	r1, sp, #12
 509 0100 01A8     		add	r0, sp, #4
 510 0102 FFF7FEFF 		bl	sx_cmd
 511              	.LVL35:
 512              		.loc 1 98 25 view .LVU83
 513 0106 0520     		movs	r0, #5
 514 0108 FFF7FEFF 		bl	HAL_Delay
 515              	.LVL36:
 516              	.LBE11:
 517              	.LBB12:
  99:Core/Src/sx126x.c **** 
 100:Core/Src/sx126x.c ****     /* Модуляция: SF/BW/CR из config, LDRO on */
 101:Core/Src/sx126x.c ****     { uint8_t t[5] = { SX_SET_MODULATION, CFG_SF, CFG_BW, CFG_CR, 0x01 };
 518              		.loc 1 101 7 view .LVU84
 519              		.loc 1 101 15 is_stmt 0 view .LVU85
 520 010c 134B     		ldr	r3, .L20+16
 521 010e 93E80300 		ldm	r3, {r0, r1}
 522 0112 0190     		str	r0, [sp, #4]
 523 0114 8DF80810 		strb	r1, [sp, #8]
 102:Core/Src/sx126x.c ****       sx_cmd(t, rx, 5); HAL_Delay(5); }
 524              		.loc 1 102 7 is_stmt 1 view .LVU86
 525 0118 0522     		movs	r2, #5
 526 011a 03A9     		add	r1, sp, #12
 527 011c 01A8     		add	r0, sp, #4
 528 011e FFF7FEFF 		bl	sx_cmd
 529              	.LVL37:
 530              		.loc 1 102 25 view .LVU87
 531 0122 0520     		movs	r0, #5
ARM GAS  /tmp/ccf6A0KO.s 			page 12


 532 0124 FFF7FEFF 		bl	HAL_Delay
 533              	.LVL38:
 534              	.LBE12:
 535              	.LBB13:
 103:Core/Src/sx126x.c ****     /* Синхрослово LoRaWAN public 0x3444 */
 104:Core/Src/sx126x.c ****     { uint8_t t[5] = { SX_WRITE_REGISTER, 0x07, 0x40, 0x34, 0x44 };
 536              		.loc 1 104 7 view .LVU88
 537              		.loc 1 104 15 is_stmt 0 view .LVU89
 538 0128 0D4B     		ldr	r3, .L20+20
 539 012a 93E80300 		ldm	r3, {r0, r1}
 540 012e 0190     		str	r0, [sp, #4]
 541 0130 8DF80810 		strb	r1, [sp, #8]
 105:Core/Src/sx126x.c ****       sx_cmd(t, rx, 5); HAL_Delay(5); }
 542              		.loc 1 105 7 is_stmt 1 view .LVU90
 543 0134 0522     		movs	r2, #5
 544 0136 03A9     		add	r1, sp, #12
 545 0138 01A8     		add	r0, sp, #4
 546 013a FFF7FEFF 		bl	sx_cmd
 547              	.LVL39:
 548              		.loc 1 105 25 view .LVU91
 549 013e 0520     		movs	r0, #5
 550 0140 FFF7FEFF 		bl	HAL_Delay
 551              	.LVL40:
 552              	.LBE13:
 106:Core/Src/sx126x.c **** }
 553              		.loc 1 106 1 is_stmt 0 view .LVU92
 554 0144 07B0     		add	sp, sp, #28
 555              	.LCFI13:
 556              		.cfi_def_cfa_offset 4
 557              		@ sp needed
 558 0146 5DF804FB 		ldr	pc, [sp], #4
 559              	.L21:
 560 014a 00BF     		.align	2
 561              	.L20:
 562 014c 00000000 		.word	.LC0
 563 0150 04000000 		.word	.LC1
 564 0154 00000000 		.word	.LANCHOR1
 565 0158 0C000000 		.word	.LC3
 566 015c 10000000 		.word	.LC4
 567 0160 18000000 		.word	.LC5
 568              		.cfi_endproc
 569              	.LFE71:
 571              		.section	.rodata.sx_send.str1.4,"aMS",%progbits,1
 572              		.align	2
 573              	.LC7:
 574 0000 02FFFF00 		.ascii	"\002\377\377\000"
 575              		.section	.text.sx_send,"ax",%progbits
 576              		.align	1
 577              		.global	sx_send
 578              		.syntax unified
 579              		.thumb
 580              		.thumb_func
 581              		.fpu softvfp
 583              	sx_send:
 584              	.LVL41:
 585              	.LFB72:
 107:Core/Src/sx126x.c **** 
ARM GAS  /tmp/ccf6A0KO.s 			page 13


 108:Core/Src/sx126x.c **** void sx_send(const uint8_t *frame, uint8_t len)
 109:Core/Src/sx126x.c **** {
 586              		.loc 1 109 1 is_stmt 1 view -0
 587              		.cfi_startproc
 588              		@ args = 0, pretend = 0, frame = 24
 589              		@ frame_needed = 0, uses_anonymous_args = 0
 590              		.loc 1 109 1 is_stmt 0 view .LVU94
 591 0000 2DE9F041 		push	{r4, r5, r6, r7, r8, lr}
 592              	.LCFI14:
 593              		.cfi_def_cfa_offset 24
 594              		.cfi_offset 4, -24
 595              		.cfi_offset 5, -20
 596              		.cfi_offset 6, -16
 597              		.cfi_offset 7, -12
 598              		.cfi_offset 8, -8
 599              		.cfi_offset 14, -4
 600 0004 86B0     		sub	sp, sp, #24
 601              	.LCFI15:
 602              		.cfi_def_cfa_offset 48
 603 0006 0746     		mov	r7, r0
 604 0008 0E46     		mov	r6, r1
 110:Core/Src/sx126x.c ****     uint8_t rx[10] = {0};
 605              		.loc 1 110 5 is_stmt 1 view .LVU95
 606              		.loc 1 110 13 is_stmt 0 view .LVU96
 607 000a 0024     		movs	r4, #0
 608 000c 0394     		str	r4, [sp, #12]
 609 000e 0494     		str	r4, [sp, #16]
 610 0010 ADF81440 		strh	r4, [sp, #20]	@ movhi
 611              	.LBB14:
 111:Core/Src/sx126x.c **** 
 112:Core/Src/sx126x.c ****     { uint8_t t[2] = { SX_SET_STANDBY, 0x00 }; sx_cmd(t, rx, 2); HAL_Delay(5); }
 612              		.loc 1 112 7 is_stmt 1 view .LVU97
 613              		.loc 1 112 15 is_stmt 0 view .LVU98
 614 0014 8023     		movs	r3, #128
 615 0016 ADF80430 		strh	r3, [sp, #4]	@ movhi
 616              		.loc 1 112 48 is_stmt 1 view .LVU99
 617 001a 0222     		movs	r2, #2
 618 001c 03A9     		add	r1, sp, #12
 619              	.LVL42:
 620              		.loc 1 112 48 is_stmt 0 view .LVU100
 621 001e 01A8     		add	r0, sp, #4
 622              	.LVL43:
 623              		.loc 1 112 48 view .LVU101
 624 0020 FFF7FEFF 		bl	sx_cmd
 625              	.LVL44:
 626              		.loc 1 112 66 is_stmt 1 view .LVU102
 627 0024 0520     		movs	r0, #5
 628 0026 FFF7FEFF 		bl	HAL_Delay
 629              	.LVL45:
 630              	.LBE14:
 631              	.LBB15:
 113:Core/Src/sx126x.c ****     { uint8_t t[3] = { SX_SET_BUFFER_BASE, 0x00, 0x00 }; sx_cmd(t, rx, 3); HAL_Delay(5); }
 632              		.loc 1 113 7 view .LVU103
 633              		.loc 1 113 15 is_stmt 0 view .LVU104
 634 002a 354B     		ldr	r3, .L24
 635 002c 9B68     		ldr	r3, [r3, #8]
 636 002e ADF80430 		strh	r3, [sp, #4]	@ movhi
ARM GAS  /tmp/ccf6A0KO.s 			page 14


 637 0032 1B0C     		lsrs	r3, r3, #16
 638 0034 8DF80630 		strb	r3, [sp, #6]
 639              		.loc 1 113 58 is_stmt 1 view .LVU105
 640 0038 0322     		movs	r2, #3
 641 003a 03A9     		add	r1, sp, #12
 642 003c 01A8     		add	r0, sp, #4
 643 003e FFF7FEFF 		bl	sx_cmd
 644              	.LVL46:
 645              		.loc 1 113 76 view .LVU106
 646 0042 0520     		movs	r0, #5
 647 0044 FFF7FEFF 		bl	HAL_Delay
 648              	.LVL47:
 649              	.LBE15:
 650              	.LBB16:
 114:Core/Src/sx126x.c ****     /* packet params: preamble 8, explicit header, payload=len, CRC on, IQ std */
 115:Core/Src/sx126x.c ****     { uint8_t t[7] = { SX_SET_PACKET_PARAMS, 0x00, 0x08, 0x00, len, 0x01, 0x00 };
 651              		.loc 1 115 7 view .LVU107
 652              		.loc 1 115 15 is_stmt 0 view .LVU108
 653 0048 8C23     		movs	r3, #140
 654 004a 8DF80430 		strb	r3, [sp, #4]
 655 004e 8DF80540 		strb	r4, [sp, #5]
 656 0052 0823     		movs	r3, #8
 657 0054 8DF80630 		strb	r3, [sp, #6]
 658 0058 8DF80740 		strb	r4, [sp, #7]
 659 005c 8DF80860 		strb	r6, [sp, #8]
 660 0060 0125     		movs	r5, #1
 661 0062 8DF80950 		strb	r5, [sp, #9]
 662 0066 8DF80A40 		strb	r4, [sp, #10]
 116:Core/Src/sx126x.c ****       sx_cmd(t, rx, 7); HAL_Delay(5); }
 663              		.loc 1 116 7 is_stmt 1 view .LVU109
 664 006a 0722     		movs	r2, #7
 665 006c 03A9     		add	r1, sp, #12
 666 006e 01A8     		add	r0, sp, #4
 667 0070 FFF7FEFF 		bl	sx_cmd
 668              	.LVL48:
 669              		.loc 1 116 25 view .LVU110
 670 0074 0520     		movs	r0, #5
 671 0076 FFF7FEFF 		bl	HAL_Delay
 672              	.LVL49:
 673              	.LBE16:
 674              	.LBB17:
 117:Core/Src/sx126x.c **** 
 118:Core/Src/sx126x.c ****     /* запись кадра в буфер чипа */
 119:Core/Src/sx126x.c ****     {
 120:Core/Src/sx126x.c ****         uint8_t wr[1]   = { SX_WRITE_BUFFER };
 675              		.loc 1 120 9 view .LVU111
 676              		.loc 1 120 17 is_stmt 0 view .LVU112
 677 007a 0E23     		movs	r3, #14
 678 007c 8DF80030 		strb	r3, [sp]
 121:Core/Src/sx126x.c ****         uint8_t addr[1] = { 0x00 };
 679              		.loc 1 121 9 is_stmt 1 view .LVU113
 680              		.loc 1 121 17 is_stmt 0 view .LVU114
 681 0080 8DF80440 		strb	r4, [sp, #4]
 122:Core/Src/sx126x.c ****         busy();
 682              		.loc 1 122 9 is_stmt 1 view .LVU115
 683 0084 FFF7FEFF 		bl	busy
 684              	.LVL50:
ARM GAS  /tmp/ccf6A0KO.s 			page 15


 123:Core/Src/sx126x.c ****         HAL_GPIO_WritePin(NSS_GPIO_Port, NSS_Pin, GPIO_PIN_RESET);
 685              		.loc 1 123 9 view .LVU116
 686 0088 DFF87880 		ldr	r8, .L24+4
 687 008c 2246     		mov	r2, r4
 688 008e 1021     		movs	r1, #16
 689 0090 4046     		mov	r0, r8
 690 0092 FFF7FEFF 		bl	HAL_GPIO_WritePin
 691              	.LVL51:
 124:Core/Src/sx126x.c ****         HAL_SPI_Transmit(hspi, wr,   1,   100);
 692              		.loc 1 124 9 view .LVU117
 693 0096 1C4C     		ldr	r4, .L24+8
 694 0098 6423     		movs	r3, #100
 695 009a 2A46     		mov	r2, r5
 696 009c 6946     		mov	r1, sp
 697 009e 2068     		ldr	r0, [r4]
 698 00a0 FFF7FEFF 		bl	HAL_SPI_Transmit
 699              	.LVL52:
 125:Core/Src/sx126x.c ****         HAL_SPI_Transmit(hspi, addr, 1,   100);
 700              		.loc 1 125 9 view .LVU118
 701 00a4 6423     		movs	r3, #100
 702 00a6 2A46     		mov	r2, r5
 703 00a8 01A9     		add	r1, sp, #4
 704 00aa 2068     		ldr	r0, [r4]
 705 00ac FFF7FEFF 		bl	HAL_SPI_Transmit
 706              	.LVL53:
 126:Core/Src/sx126x.c ****         HAL_SPI_Transmit(hspi, (uint8_t *)frame, len, 100);
 707              		.loc 1 126 9 view .LVU119
 708 00b0 6423     		movs	r3, #100
 709 00b2 3246     		mov	r2, r6
 710 00b4 3946     		mov	r1, r7
 711 00b6 2068     		ldr	r0, [r4]
 712 00b8 FFF7FEFF 		bl	HAL_SPI_Transmit
 713              	.LVL54:
 127:Core/Src/sx126x.c ****         HAL_GPIO_WritePin(NSS_GPIO_Port, NSS_Pin, GPIO_PIN_SET);
 714              		.loc 1 127 9 view .LVU120
 715 00bc 2A46     		mov	r2, r5
 716 00be 1021     		movs	r1, #16
 717 00c0 4046     		mov	r0, r8
 718 00c2 FFF7FEFF 		bl	HAL_GPIO_WritePin
 719              	.LVL55:
 128:Core/Src/sx126x.c ****         HAL_Delay(5);
 720              		.loc 1 128 9 view .LVU121
 721 00c6 0520     		movs	r0, #5
 722 00c8 FFF7FEFF 		bl	HAL_Delay
 723              	.LVL56:
 724              	.LBE17:
 725              	.LBB18:
 129:Core/Src/sx126x.c ****     }
 130:Core/Src/sx126x.c **** 
 131:Core/Src/sx126x.c ****     /* разрешить IRQ и запустить передачу */
 132:Core/Src/sx126x.c ****     { uint8_t t[3] = { SX_CLR_IRQ_STATUS, 0xFF, 0xFF }; sx_cmd(t, rx, 3); HAL_Delay(5); }
 726              		.loc 1 132 7 view .LVU122
 727              		.loc 1 132 15 is_stmt 0 view .LVU123
 728 00cc 0F4B     		ldr	r3, .L24+12
 729 00ce 1B68     		ldr	r3, [r3]
 730 00d0 ADF80430 		strh	r3, [sp, #4]	@ movhi
 731 00d4 1B0C     		lsrs	r3, r3, #16
ARM GAS  /tmp/ccf6A0KO.s 			page 16


 732 00d6 8DF80630 		strb	r3, [sp, #6]
 733              		.loc 1 132 57 is_stmt 1 view .LVU124
 734 00da 0322     		movs	r2, #3
 735 00dc 03A9     		add	r1, sp, #12
 736 00de 01A8     		add	r0, sp, #4
 737 00e0 FFF7FEFF 		bl	sx_cmd
 738              	.LVL57:
 739              		.loc 1 132 75 view .LVU125
 740 00e4 0520     		movs	r0, #5
 741 00e6 FFF7FEFF 		bl	HAL_Delay
 742              	.LVL58:
 743              	.LBE18:
 744              	.LBB19:
 133:Core/Src/sx126x.c ****     { uint8_t t[4] = { SX_SET_TX, 0x00, 0x00, 0x00 };   sx_cmd(t, rx, 4); }
 745              		.loc 1 133 7 view .LVU126
 746              		.loc 1 133 15 is_stmt 0 view .LVU127
 747 00ea 8323     		movs	r3, #131
 748 00ec 0193     		str	r3, [sp, #4]
 749              		.loc 1 133 57 is_stmt 1 view .LVU128
 750 00ee 0422     		movs	r2, #4
 751 00f0 03A9     		add	r1, sp, #12
 752 00f2 0DEB0200 		add	r0, sp, r2
 753 00f6 FFF7FEFF 		bl	sx_cmd
 754              	.LVL59:
 755              	.LBE19:
 134:Core/Src/sx126x.c **** }...
 756              		.loc 1 134 1 is_stmt 0 view .LVU129
 757 00fa 06B0     		add	sp, sp, #24
 758              	.LCFI16:
 759              		.cfi_def_cfa_offset 24
 760              		@ sp needed
 761 00fc BDE8F081 		pop	{r4, r5, r6, r7, r8, pc}
 762              	.LVL60:
 763              	.L25:
 764              		.loc 1 134 1 view .LVU130
 765              		.align	2
 766              	.L24:
 767 0100 00000000 		.word	.LANCHOR1
 768 0104 00080140 		.word	1073809408
 769 0108 00000000 		.word	.LANCHOR0
 770 010c 00000000 		.word	.LC7
 771              		.cfi_endproc
 772              	.LFE72:
 774              		.section	.rodata
 775              		.align	2
 776              		.set	.LANCHOR1,. + 0
 777              	.LC2:
 778 0000 95040700 		.ascii	"\225\004\007\000\001"
 778      01
 779 0005 000000   		.space	3
 780              	.LC6:
 781 0008 8F0000   		.ascii	"\217\000\000"
 782              		.section	.bss.hspi,"aw",%nobits
 783              		.align	2
 784              		.set	.LANCHOR0,. + 0
 787              	hspi:
 788 0000 00000000 		.space	4
ARM GAS  /tmp/ccf6A0KO.s 			page 17


 789              		.text
 790              	.Letext0:
 791              		.file 2 "/usr/lib/gcc/arm-none-eabi/10.3.1/include/stdint.h"
 792              		.file 3 "Drivers/CMSIS/Device/ST/STM32F1xx/Include/stm32f103xb.h"
 793              		.file 4 "Drivers/STM32F1xx_HAL_Driver/Inc/stm32f1xx_hal_def.h"
 794              		.file 5 "Drivers/STM32F1xx_HAL_Driver/Inc/stm32f1xx_hal_gpio.h"
 795              		.file 6 "Drivers/STM32F1xx_HAL_Driver/Inc/stm32f1xx_hal_dma.h"
 796              		.file 7 "Drivers/STM32F1xx_HAL_Driver/Inc/stm32f1xx_hal_spi.h"
 797              		.file 8 "Drivers/STM32F1xx_HAL_Driver/Inc/stm32f1xx_hal.h"
ARM GAS  /tmp/ccf6A0KO.s 			page 18


DEFINED SYMBOLS
                            *ABS*:0000000000000000 sx126x.c
     /tmp/ccf6A0KO.s:16     .text.busy:0000000000000000 $t
     /tmp/ccf6A0KO.s:23     .text.busy:0000000000000000 busy
     /tmp/ccf6A0KO.s:45     .text.sx_cmd:0000000000000000 $t
     /tmp/ccf6A0KO.s:51     .text.sx_cmd:0000000000000000 sx_cmd
     /tmp/ccf6A0KO.s:110    .text.sx_cmd:000000000000003c $d
     /tmp/ccf6A0KO.s:116    .text.sx_init:0000000000000000 $t
     /tmp/ccf6A0KO.s:123    .text.sx_init:0000000000000000 sx_init
     /tmp/ccf6A0KO.s:140    .text.sx_init:0000000000000008 $d
     /tmp/ccf6A0KO.s:145    .text.sx_reset:0000000000000000 $t
     /tmp/ccf6A0KO.s:152    .text.sx_reset:0000000000000000 sx_reset
     /tmp/ccf6A0KO.s:195    .text.sx_reset:0000000000000030 $d
     /tmp/ccf6A0KO.s:201    .text.sx_chipmode:0000000000000000 $t
     /tmp/ccf6A0KO.s:208    .text.sx_chipmode:0000000000000000 sx_chipmode
     /tmp/ccf6A0KO.s:249    .text.sx_readreg:0000000000000000 $t
     /tmp/ccf6A0KO.s:256    .text.sx_readreg:0000000000000000 sx_readreg
     /tmp/ccf6A0KO.s:305    .rodata.sx_radio_config.str1.4:0000000000000000 $d
     /tmp/ccf6A0KO.s:321    .text.sx_radio_config:0000000000000000 $t
     /tmp/ccf6A0KO.s:328    .text.sx_radio_config:0000000000000000 sx_radio_config
     /tmp/ccf6A0KO.s:562    .text.sx_radio_config:000000000000014c $d
     /tmp/ccf6A0KO.s:572    .rodata.sx_send.str1.4:0000000000000000 $d
     /tmp/ccf6A0KO.s:576    .text.sx_send:0000000000000000 $t
     /tmp/ccf6A0KO.s:583    .text.sx_send:0000000000000000 sx_send
     /tmp/ccf6A0KO.s:767    .text.sx_send:0000000000000100 $d
     /tmp/ccf6A0KO.s:775    .rodata:0000000000000000 $d
     /tmp/ccf6A0KO.s:783    .bss.hspi:0000000000000000 $d
     /tmp/ccf6A0KO.s:787    .bss.hspi:0000000000000000 hspi

UNDEFINED SYMBOLS
HAL_Delay
HAL_GPIO_WritePin
HAL_SPI_TransmitReceive
HAL_SPI_Transmit
